BSPC version 2.1h, redacted redacted
optimize = true
forcesidesvisible = true
bsp2aas: /tmp/dmlab_level_data/baselab/demo_map.bsp to /tmp/dmlab_level_data/baselab/demo_map.aas
-- Q3_LoadMapFromBSP --
Loading map from /tmp/dmlab_level_data/baselab/demo_map.bsp...
    62 triangles
    18 patch tris
creating planar surface planes...
searching visible brush sides...
     0 brush sides180 brush sides textured out of 180
-------- Brush CSG ---------
    62 original brushes
    62 output brushes
-------- Brush BSP ---------
    62 brushes
   246 visible faces
     0 nonvisible faces
   372 total sides
pthread multi-threading
     1 threads max
depth first bsp building
   307 splits
     0 KB of peak total bsp memory
BSP tree created in     0 seconds
------- Prune Nodes --------
   54 pruned nodes
---- Node Portalization ----
   253 nodes portalized
     0 tiny portals
     0 KB of portal memory
     0 KB of winding memory
------ FloodEntities -------
------- FillOutside --------
   59 solid leaves
   37 leaves filled
   31 inside leaves
AAS_CreateAreas
    31 areas created
AAS_MergeAreaFaces
     6 face merges
AAS_GravitationalSubdivision
     0 gravitational subdivisions
AAS_MergeAreaFaces
     0 face merges
AAS_MergeAreas
    25 areas merged
AAS_PruneNodes
    52 nodes pruned
     6 areas checked for shared face flipping
AAS_MergeAreaFaces
    36 face merges
AAS_MergePlaneFaces
     4 plane face merges
AAS_LadderSubdivision
     0 ladder subdivisions
AAS_MeltAreaFaceWindings
    12 edges melted
AAS_RemoveTinyFaces
0 tiny faces removed
AAS_CreateAreaSettings
allocated 14 KB and 772 bytes of AAS memory
AAS_StoreFile
     7 areas stored

AAS created in     0 seconds
loading collision map...
CM_LoadMap( /tmp/dmlab_level_data/baselab/demo_map.bsp, 0 )
0 weapon jump areas
calculating reachability...

please wait while storing reachability...
calculating clusters...
     0 forced portal areas

     1 portals created
     2 clusters created
cluster 1 has 3 reachability areas
     3 total reachability areas
    36 AAS memory/CPU usage (the lower the better)
AAS data optimized.
writing /tmp/dmlab_level_data/baselab/demo_map.aas
numvertexes = 0
numplanes = 46
numedges = 1
edgeindexsize = 0
numfaces = 1
faceindexsize = 0
numareas = 7
numareasettings = 7
reachabilitysize = 5
numnodes = 75
numportals = 1
portalindexsize = 0
numclusters = 2
     4 walk
     0 crouch
     0 barrier jump
     0 jump
     0 ladder
     0 walk off ledge
     0 swim
     0 water jump
     0 teleport
     0 elevator
     0 rocket jump
     0 bfg jump
     0 grapple hook
     0 double jump
     0 ramp jump
     0 strafe jump
     0 jump pad
     0 func bob
freed 14 KB and 772 bytes of AAS memory
BSPC run time is     0 seconds
